<?xml version="1.0" encoding="UTF-8"?>
<testsuite xmlns:xsi="http://www.w3.org/2001/XMLSchema-instance" xsi:noNamespaceSchemaLocation="https://maven.apache.org/surefire/maven-surefire-plugin/xsd/surefire-test-report-3.0.xsd" version="3.0" name="br.com.fiap.safecap.service.DispositivoServiceTest" time="0.049" tests="1" errors="0" skipped="0" failures="0">
  <properties>
[...]
</properties>
  <testcase name="deveLancarExcecaoQuandoNomeJaExiste" classname="br.com.fiap.safecap.service.DispositivoServiceTest" time="0.048">
    <system-out><![CDATA[{"timestamp":"2025-05-31 20:38:56","level":"INFO","logger":"b.c.f.s.service.DispositivoService","message":"Salvando novo dispositivo: Sensor Boné 01"}
{"timestamp":"2025-05-31 20:38:56","level":"WARN","logger":"b.c.f.s.service.DispositivoService","message":"Nome de dispositivo já existe: Sensor Boné 01"}
]]></system-out>
  </testcase>
</testsuite>